[2025-04-05T14:08:44.837+0000] {taskinstance.py:1165} INFO - Dependencies all met for <TaskInstance: descargar_y_ver_dataset.descargar_csv manual__2025-04-05T14:08:44.419656+00:00 [queued]>
[2025-04-05T14:08:44.842+0000] {taskinstance.py:1165} INFO - Dependencies all met for <TaskInstance: descargar_y_ver_dataset.descargar_csv manual__2025-04-05T14:08:44.419656+00:00 [queued]>
[2025-04-05T14:08:44.842+0000] {taskinstance.py:1362} INFO - 
--------------------------------------------------------------------------------
[2025-04-05T14:08:44.842+0000] {taskinstance.py:1363} INFO - Starting attempt 1 of 1
[2025-04-05T14:08:44.842+0000] {taskinstance.py:1364} INFO - 
--------------------------------------------------------------------------------
[2025-04-05T14:08:44.848+0000] {taskinstance.py:1383} INFO - Executing <Task(BashOperator): descargar_csv> on 2025-04-05 14:08:44.419656+00:00
[2025-04-05T14:08:44.851+0000] {standard_task_runner.py:54} INFO - Started process 99 to run task
[2025-04-05T14:08:44.853+0000] {standard_task_runner.py:82} INFO - Running: ['***', 'tasks', 'run', 'descargar_y_ver_dataset', 'descargar_csv', 'manual__2025-04-05T14:08:44.419656+00:00', '--job-id', '52', '--raw', '--subdir', 'DAGS_FOLDER/ml_dust_pred_dag.py', '--cfg-path', '/tmp/tmpxbx5py3c']
[2025-04-05T14:08:44.853+0000] {standard_task_runner.py:83} INFO - Job 52: Subtask descargar_csv
[2025-04-05T14:08:44.854+0000] {dagbag.py:525} INFO - Filling up the DagBag from /opt/***/dags/ml_dust_pred_dag.py
[2025-04-05T14:08:44.978+0000] {task_command.py:384} INFO - Running <TaskInstance: descargar_y_ver_dataset.descargar_csv manual__2025-04-05T14:08:44.419656+00:00 [running]> on host 6d3c9c1b3c45
[2025-04-05T14:08:45.008+0000] {taskinstance.py:1592} INFO - Exporting the following env vars:
AIRFLOW_CTX_DAG_OWNER=***
AIRFLOW_CTX_DAG_ID=descargar_y_ver_dataset
AIRFLOW_CTX_TASK_ID=descargar_csv
AIRFLOW_CTX_EXECUTION_DATE=2025-04-05T14:08:44.419656+00:00
AIRFLOW_CTX_TRY_NUMBER=1
AIRFLOW_CTX_DAG_RUN_ID=manual__2025-04-05T14:08:44.419656+00:00
[2025-04-05T14:08:45.009+0000] {subprocess.py:63} INFO - Tmp dir root location: 
 /tmp
[2025-04-05T14:08:45.009+0000] {subprocess.py:75} INFO - Running command: ['/bin/bash', '-c', "mkdir -p /opt/***/datalake && curl -L -o /opt/***/datalake/df_merged.csv 'https://docs.google.com/uc?export=download&id=1gT8k90Iisd-sZVXWtS6Exl1ZFwwTd_WM'"]
[2025-04-05T14:08:45.016+0000] {subprocess.py:86} INFO - Output:
[2025-04-05T14:08:45.022+0000] {subprocess.py:93} INFO -   % Total    % Received % Xferd  Average Speed   Time    Time     Time  Current
[2025-04-05T14:08:45.023+0000] {subprocess.py:93} INFO -                                  Dload  Upload   Total   Spent    Left  Speed
[2025-04-05T14:08:45.413+0000] {subprocess.py:93} INFO -   0     0    0     0    0     0      0      0 --:--:-- --:--:-- --:--:--     0  0     0    0     0    0     0      0      0 --:--:-- --:--:-- --:--:--     0
[2025-04-05T14:08:48.538+0000] {subprocess.py:93} INFO -   0     0    0     0    0     0      0      0 --:--:--  0:00:01 --:--:--     0  0     0    0     0    0     0      0      0 --:--:--  0:00:02 --:--:--     0  0     0    0     0    0     0      0      0 --:--:--  0:00:03 --:--:--     0100  936k  100  936k    0     0   266k      0  0:00:03  0:00:03 --:--:--  507k
[2025-04-05T14:08:48.543+0000] {subprocess.py:97} INFO - Command exited with return code 0
[2025-04-05T14:08:48.569+0000] {taskinstance.py:1406} INFO - Marking task as SUCCESS. dag_id=descargar_y_ver_dataset, task_id=descargar_csv, execution_date=20250405T140844, start_date=20250405T140844, end_date=20250405T140848
[2025-04-05T14:08:48.623+0000] {local_task_job.py:164} INFO - Task exited with return code 0
[2025-04-05T14:08:48.643+0000] {local_task_job.py:273} INFO - 1 downstream tasks scheduled from follow-on schedule check
