[2025-04-05T14:05:25.959+0000] {taskinstance.py:1165} INFO - Dependencies all met for <TaskInstance: descargar_y_ver_dataset.svm_modeling manual__2025-04-05T14:05:17.833097+00:00 [queued]>
[2025-04-05T14:05:25.965+0000] {taskinstance.py:1165} INFO - Dependencies all met for <TaskInstance: descargar_y_ver_dataset.svm_modeling manual__2025-04-05T14:05:17.833097+00:00 [queued]>
[2025-04-05T14:05:25.965+0000] {taskinstance.py:1362} INFO - 
--------------------------------------------------------------------------------
[2025-04-05T14:05:25.966+0000] {taskinstance.py:1363} INFO - Starting attempt 1 of 1
[2025-04-05T14:05:25.966+0000] {taskinstance.py:1364} INFO - 
--------------------------------------------------------------------------------
[2025-04-05T14:05:25.972+0000] {taskinstance.py:1383} INFO - Executing <Task(PythonOperator): svm_modeling> on 2025-04-05 14:05:17.833097+00:00
[2025-04-05T14:05:25.975+0000] {standard_task_runner.py:54} INFO - Started process 139 to run task
[2025-04-05T14:05:25.977+0000] {standard_task_runner.py:82} INFO - Running: ['***', 'tasks', 'run', 'descargar_y_ver_dataset', 'svm_modeling', 'manual__2025-04-05T14:05:17.833097+00:00', '--job-id', '49', '--raw', '--subdir', 'DAGS_FOLDER/ml_dust_pred_dag.py', '--cfg-path', '/tmp/tmp0hsbos5m']
[2025-04-05T14:05:25.978+0000] {standard_task_runner.py:83} INFO - Job 49: Subtask svm_modeling
[2025-04-05T14:05:25.978+0000] {dagbag.py:525} INFO - Filling up the DagBag from /opt/***/dags/ml_dust_pred_dag.py
[2025-04-05T14:05:26.100+0000] {task_command.py:384} INFO - Running <TaskInstance: descargar_y_ver_dataset.svm_modeling manual__2025-04-05T14:05:17.833097+00:00 [running]> on host 6d3c9c1b3c45
[2025-04-05T14:05:26.130+0000] {taskinstance.py:1592} INFO - Exporting the following env vars:
AIRFLOW_CTX_DAG_OWNER=***
AIRFLOW_CTX_DAG_ID=descargar_y_ver_dataset
AIRFLOW_CTX_TASK_ID=svm_modeling
AIRFLOW_CTX_EXECUTION_DATE=2025-04-05T14:05:17.833097+00:00
AIRFLOW_CTX_TRY_NUMBER=1
AIRFLOW_CTX_DAG_RUN_ID=manual__2025-04-05T14:05:17.833097+00:00
[2025-04-05T14:05:26.436+0000] {logging_mixin.py:117} INFO - 
🔁 Cross-validation scores: [0.87173397 0.87173397 0.87410926 0.87410926 0.87380952]
[2025-04-05T14:05:26.436+0000] {logging_mixin.py:117} INFO - 📊 Cross-validation mean accuracy: 0.873099196923425
[2025-04-05T14:05:26.442+0000] {logging_mixin.py:117} INFO - 
🔍 Confusion Matrix:
[2025-04-05T14:05:26.443+0000] {logging_mixin.py:117} INFO - [[787   0]
 [115   0]]
[2025-04-05T14:05:26.443+0000] {python.py:177} INFO - Done. Returned value was: None
[2025-04-05T14:05:26.449+0000] {taskinstance.py:1406} INFO - Marking task as SUCCESS. dag_id=descargar_y_ver_dataset, task_id=svm_modeling, execution_date=20250405T140517, start_date=20250405T140525, end_date=20250405T140526
[2025-04-05T14:05:26.465+0000] {local_task_job.py:164} INFO - Task exited with return code 0
[2025-04-05T14:05:26.475+0000] {local_task_job.py:273} INFO - 0 downstream tasks scheduled from follow-on schedule check
