[2025-04-05T11:13:58.352+0000] {taskinstance.py:1165} INFO - Dependencies all met for <TaskInstance: descargar_y_ver_dataset.split_dataset manual__2025-04-05T11:13:52.553015+00:00 [queued]>
[2025-04-05T11:13:58.356+0000] {taskinstance.py:1165} INFO - Dependencies all met for <TaskInstance: descargar_y_ver_dataset.split_dataset manual__2025-04-05T11:13:52.553015+00:00 [queued]>
[2025-04-05T11:13:58.356+0000] {taskinstance.py:1362} INFO - 
--------------------------------------------------------------------------------
[2025-04-05T11:13:58.356+0000] {taskinstance.py:1363} INFO - Starting attempt 1 of 1
[2025-04-05T11:13:58.356+0000] {taskinstance.py:1364} INFO - 
--------------------------------------------------------------------------------
[2025-04-05T11:13:58.361+0000] {taskinstance.py:1383} INFO - Executing <Task(PythonOperator): split_dataset> on 2025-04-05 11:13:52.553015+00:00
[2025-04-05T11:13:58.364+0000] {standard_task_runner.py:54} INFO - Started process 1852 to run task
[2025-04-05T11:13:58.366+0000] {standard_task_runner.py:82} INFO - Running: ['***', 'tasks', 'run', 'descargar_y_ver_dataset', 'split_dataset', 'manual__2025-04-05T11:13:52.553015+00:00', '--job-id', '21', '--raw', '--subdir', 'DAGS_FOLDER/ml_dust_pred_dag.py', '--cfg-path', '/tmp/tmpsiazg4a2']
[2025-04-05T11:13:58.366+0000] {standard_task_runner.py:83} INFO - Job 21: Subtask split_dataset
[2025-04-05T11:13:58.367+0000] {dagbag.py:525} INFO - Filling up the DagBag from /opt/***/dags/ml_dust_pred_dag.py
[2025-04-05T11:13:58.480+0000] {task_command.py:384} INFO - Running <TaskInstance: descargar_y_ver_dataset.split_dataset manual__2025-04-05T11:13:52.553015+00:00 [running]> on host 6d3c9c1b3c45
[2025-04-05T11:13:58.507+0000] {taskinstance.py:1592} INFO - Exporting the following env vars:
AIRFLOW_CTX_DAG_OWNER=***
AIRFLOW_CTX_DAG_ID=descargar_y_ver_dataset
AIRFLOW_CTX_TASK_ID=split_dataset
AIRFLOW_CTX_EXECUTION_DATE=2025-04-05T11:13:52.553015+00:00
AIRFLOW_CTX_TRY_NUMBER=1
AIRFLOW_CTX_DAG_RUN_ID=manual__2025-04-05T11:13:52.553015+00:00
[2025-04-05T11:13:58.770+0000] {logging_mixin.py:117} INFO - ✅ Split realizado con éxito.
[2025-04-05T11:13:58.770+0000] {logging_mixin.py:117} INFO - 📊 Tamaño del conjunto de entrenamiento: 2104
[2025-04-05T11:13:58.770+0000] {logging_mixin.py:117} INFO - 📈 Tamaño del conjunto de prueba: 902
[2025-04-05T11:13:58.770+0000] {python.py:177} INFO - Done. Returned value was: None
[2025-04-05T11:13:58.776+0000] {taskinstance.py:1406} INFO - Marking task as SUCCESS. dag_id=descargar_y_ver_dataset, task_id=split_dataset, execution_date=20250405T111352, start_date=20250405T111358, end_date=20250405T111358
[2025-04-05T11:13:58.802+0000] {local_task_job.py:164} INFO - Task exited with return code 0
[2025-04-05T11:13:58.812+0000] {local_task_job.py:273} INFO - 0 downstream tasks scheduled from follow-on schedule check
