[2025-04-05T11:29:51.668+0000] {taskinstance.py:1165} INFO - Dependencies all met for <TaskInstance: descargar_y_ver_dataset.descargar_csv manual__2025-04-05T11:29:50.492663+00:00 [queued]>
[2025-04-05T11:29:51.672+0000] {taskinstance.py:1165} INFO - Dependencies all met for <TaskInstance: descargar_y_ver_dataset.descargar_csv manual__2025-04-05T11:29:50.492663+00:00 [queued]>
[2025-04-05T11:29:51.672+0000] {taskinstance.py:1362} INFO - 
--------------------------------------------------------------------------------
[2025-04-05T11:29:51.673+0000] {taskinstance.py:1363} INFO - Starting attempt 1 of 1
[2025-04-05T11:29:51.673+0000] {taskinstance.py:1364} INFO - 
--------------------------------------------------------------------------------
[2025-04-05T11:29:51.678+0000] {taskinstance.py:1383} INFO - Executing <Task(BashOperator): descargar_csv> on 2025-04-05 11:29:50.492663+00:00
[2025-04-05T11:29:51.680+0000] {standard_task_runner.py:54} INFO - Started process 2704 to run task
[2025-04-05T11:29:51.682+0000] {standard_task_runner.py:82} INFO - Running: ['***', 'tasks', 'run', 'descargar_y_ver_dataset', 'descargar_csv', 'manual__2025-04-05T11:29:50.492663+00:00', '--job-id', '31', '--raw', '--subdir', 'DAGS_FOLDER/ml_dust_pred_dag.py', '--cfg-path', '/tmp/tmp52cvrcfg']
[2025-04-05T11:29:51.683+0000] {standard_task_runner.py:83} INFO - Job 31: Subtask descargar_csv
[2025-04-05T11:29:51.683+0000] {dagbag.py:525} INFO - Filling up the DagBag from /opt/***/dags/ml_dust_pred_dag.py
[2025-04-05T11:29:51.793+0000] {task_command.py:384} INFO - Running <TaskInstance: descargar_y_ver_dataset.descargar_csv manual__2025-04-05T11:29:50.492663+00:00 [running]> on host 6d3c9c1b3c45
[2025-04-05T11:29:51.820+0000] {taskinstance.py:1592} INFO - Exporting the following env vars:
AIRFLOW_CTX_DAG_OWNER=***
AIRFLOW_CTX_DAG_ID=descargar_y_ver_dataset
AIRFLOW_CTX_TASK_ID=descargar_csv
AIRFLOW_CTX_EXECUTION_DATE=2025-04-05T11:29:50.492663+00:00
AIRFLOW_CTX_TRY_NUMBER=1
AIRFLOW_CTX_DAG_RUN_ID=manual__2025-04-05T11:29:50.492663+00:00
[2025-04-05T11:29:51.820+0000] {subprocess.py:63} INFO - Tmp dir root location: 
 /tmp
[2025-04-05T11:29:51.821+0000] {subprocess.py:75} INFO - Running command: ['/bin/bash', '-c', "mkdir -p /opt/***/datalake && curl -L -o /opt/***/datalake/df_merged.csv 'https://docs.google.com/uc?export=download&id=1gT8k90Iisd-sZVXWtS6Exl1ZFwwTd_WM'"]
[2025-04-05T11:29:51.827+0000] {subprocess.py:86} INFO - Output:
[2025-04-05T11:29:51.832+0000] {subprocess.py:93} INFO -   % Total    % Received % Xferd  Average Speed   Time    Time     Time  Current
[2025-04-05T11:29:51.832+0000] {subprocess.py:93} INFO -                                  Dload  Upload   Total   Spent    Left  Speed
[2025-04-05T11:29:52.228+0000] {subprocess.py:93} INFO -   0     0    0     0    0     0      0      0 --:--:-- --:--:-- --:--:--     0  0     0    0     0    0     0      0      0 --:--:-- --:--:-- --:--:--     0  0     0    0     0    0     0      0      0 --:--:-- --:--:-- --:--:--     0
[2025-04-05T11:29:54.953+0000] {subprocess.py:93} INFO -   0     0    0     0    0     0      0      0 --:--:--  0:00:01 --:--:--     0  0     0    0     0    0     0      0      0 --:--:--  0:00:02 --:--:--     0 72  936k   72  677k    0     0   220k      0  0:00:04  0:00:03  0:00:01  477k100  936k  100  936k    0     0   300k      0  0:00:03  0:00:03 --:--:--  641k
[2025-04-05T11:29:54.957+0000] {subprocess.py:97} INFO - Command exited with return code 0
[2025-04-05T11:29:54.983+0000] {taskinstance.py:1406} INFO - Marking task as SUCCESS. dag_id=descargar_y_ver_dataset, task_id=descargar_csv, execution_date=20250405T112950, start_date=20250405T112951, end_date=20250405T112954
[2025-04-05T11:29:55.023+0000] {local_task_job.py:164} INFO - Task exited with return code 0
[2025-04-05T11:29:55.041+0000] {local_task_job.py:273} INFO - 1 downstream tasks scheduled from follow-on schedule check
