[2025-04-05T10:30:46.083+0000] {manager.py:483} INFO - Processing files using up to 2 processes at a time 
[2025-04-05T10:30:46.085+0000] {manager.py:484} INFO - Process each file at most once every 30 seconds
[2025-04-05T10:30:46.085+0000] {manager.py:486} INFO - Checking for new files in /opt/airflow/dags every 300 seconds
[2025-04-05T10:30:46.085+0000] {manager.py:724} INFO - Searching for files in /opt/airflow/dags
[2025-04-05T10:30:46.087+0000] {manager.py:727} INFO - There are 0 files in /opt/airflow/dags
[2025-04-05T10:35:46.757+0000] {manager.py:724} INFO - Searching for files in /opt/airflow/dags
[2025-04-05T10:35:46.763+0000] {manager.py:727} INFO - There are 0 files in /opt/airflow/dags
[2025-04-05T10:40:20.996+0000] {manager.py:465} INFO - Exiting gracefully upon receiving signal 15
[2025-04-05T10:40:41.623+0000] {manager.py:483} INFO - Processing files using up to 2 processes at a time 
[2025-04-05T10:40:41.631+0000] {manager.py:484} INFO - Process each file at most once every 30 seconds
[2025-04-05T10:40:41.632+0000] {manager.py:486} INFO - Checking for new files in /opt/airflow/dags every 300 seconds
[2025-04-05T10:40:41.632+0000] {manager.py:724} INFO - Searching for files in /opt/airflow/dags
[2025-04-05T10:40:41.634+0000] {manager.py:727} INFO - There are 1 files in /opt/airflow/dags
[2025-04-05T10:40:41.656+0000] {manager.py:846} INFO - 
================================================================================
DAG File Processing Stats

File Path                                PID  Runtime      # DAGs    # Errors  Last Runtime    Last Run
-------------------------------------  -----  ---------  --------  ----------  --------------  ----------
/opt/airflow/dags/ml_dust_pred_dag.py     43  0.01s             0           0
================================================================================
[2025-04-05T10:41:11.914+0000] {manager.py:846} INFO - 
================================================================================
DAG File Processing Stats

File Path                                PID  Runtime      # DAGs    # Errors  Last Runtime    Last Run
-------------------------------------  -----  ---------  --------  ----------  --------------  -------------------
/opt/airflow/dags/ml_dust_pred_dag.py     71  0.00s             1           0  0.20s           2025-04-05T10:40:41
================================================================================
[2025-04-05T10:41:42.200+0000] {manager.py:846} INFO - 
================================================================================
DAG File Processing Stats

File Path                                PID  Runtime      # DAGs    # Errors  Last Runtime    Last Run
-------------------------------------  -----  ---------  --------  ----------  --------------  -------------------
/opt/airflow/dags/ml_dust_pred_dag.py     99  0.01s             1           0  0.15s           2025-04-05T10:41:12
================================================================================
[2025-04-05T10:42:12.596+0000] {manager.py:846} INFO - 
================================================================================
DAG File Processing Stats

File Path                                PID  Runtime      # DAGs    # Errors  Last Runtime    Last Run
-------------------------------------  -----  ---------  --------  ----------  --------------  -------------------
/opt/airflow/dags/ml_dust_pred_dag.py    127  0.00s             1           0  0.13s           2025-04-05T10:41:42
================================================================================
[2025-04-05T10:42:42.889+0000] {manager.py:846} INFO - 
================================================================================
DAG File Processing Stats

File Path                                PID  Runtime      # DAGs    # Errors  Last Runtime    Last Run
-------------------------------------  -----  ---------  --------  ----------  --------------  -------------------
/opt/airflow/dags/ml_dust_pred_dag.py    146  0.01s             1           0  0.07s           2025-04-05T10:42:12
================================================================================
[2025-04-05T10:43:13.161+0000] {manager.py:846} INFO - 
================================================================================
DAG File Processing Stats

File Path                                PID  Runtime      # DAGs    # Errors  Last Runtime    Last Run
-------------------------------------  -----  ---------  --------  ----------  --------------  -------------------
/opt/airflow/dags/ml_dust_pred_dag.py    175  0.01s             1           0  0.07s           2025-04-05T10:42:42
================================================================================
[2025-04-05T10:43:43.436+0000] {manager.py:846} INFO - 
================================================================================
DAG File Processing Stats

File Path                                PID  Runtime      # DAGs    # Errors  Last Runtime    Last Run
-------------------------------------  -----  ---------  --------  ----------  --------------  -------------------
/opt/airflow/dags/ml_dust_pred_dag.py    204  0.01s             1           0  0.08s           2025-04-05T10:43:13
================================================================================
[2025-04-05T10:44:13.714+0000] {manager.py:846} INFO - 
================================================================================
DAG File Processing Stats

File Path                              PID    Runtime      # DAGs    # Errors  Last Runtime    Last Run
-------------------------------------  -----  ---------  --------  ----------  --------------  -------------------
/opt/airflow/dags/ml_dust_pred_dag.py                           1           0  0.40s           2025-04-05T10:44:13
================================================================================
[2025-04-05T10:44:43.510+0000] {manager.py:520} INFO - DAG descarga_csv_datalake is missing and will be deactivated.
[2025-04-05T10:44:43.511+0000] {manager.py:530} INFO - Deactivated 1 DAGs which are no longer present in file.
[2025-04-05T10:44:43.512+0000] {manager.py:534} INFO - Deleted DAG descarga_csv_datalake in serialized_dag table
[2025-04-05T10:44:44.363+0000] {manager.py:846} INFO - 
================================================================================
DAG File Processing Stats

File Path                              PID    Runtime      # DAGs    # Errors  Last Runtime    Last Run
-------------------------------------  -----  ---------  --------  ----------  --------------  -------------------
/opt/airflow/dags/ml_dust_pred_dag.py                           1           0  0.16s           2025-04-05T10:44:43
================================================================================
[2025-04-05T10:45:14.616+0000] {manager.py:846} INFO - 
================================================================================
DAG File Processing Stats

File Path                              PID    Runtime      # DAGs    # Errors  Last Runtime    Last Run
-------------------------------------  -----  ---------  --------  ----------  --------------  -------------------
/opt/airflow/dags/ml_dust_pred_dag.py                           1           0  0.16s           2025-04-05T10:45:13
================================================================================
[2025-04-05T10:45:41.841+0000] {manager.py:724} INFO - Searching for files in /opt/airflow/dags
[2025-04-05T10:45:41.844+0000] {manager.py:727} INFO - There are 1 files in /opt/airflow/dags
[2025-04-05T10:45:45.001+0000] {manager.py:846} INFO - 
================================================================================
DAG File Processing Stats

File Path                              PID    Runtime      # DAGs    # Errors  Last Runtime    Last Run
-------------------------------------  -----  ---------  --------  ----------  --------------  -------------------
/opt/airflow/dags/ml_dust_pred_dag.py                           1           0  0.16s           2025-04-05T10:45:44
================================================================================
[2025-04-05T10:46:15.281+0000] {manager.py:846} INFO - 
================================================================================
DAG File Processing Stats

File Path                              PID    Runtime      # DAGs    # Errors  Last Runtime    Last Run
-------------------------------------  -----  ---------  --------  ----------  --------------  -------------------
/opt/airflow/dags/ml_dust_pred_dag.py                           1           0  0.12s           2025-04-05T10:46:14
================================================================================
[2025-04-05T10:46:45.635+0000] {manager.py:846} INFO - 
================================================================================
DAG File Processing Stats

File Path                              PID    Runtime      # DAGs    # Errors  Last Runtime    Last Run
-------------------------------------  -----  ---------  --------  ----------  --------------  -------------------
/opt/airflow/dags/ml_dust_pred_dag.py                           1           0  0.17s           2025-04-05T10:46:31
================================================================================
[2025-04-05T10:47:15.959+0000] {manager.py:846} INFO - 
================================================================================
DAG File Processing Stats

File Path                              PID    Runtime      # DAGs    # Errors  Last Runtime    Last Run
-------------------------------------  -----  ---------  --------  ----------  --------------  -------------------
/opt/airflow/dags/ml_dust_pred_dag.py                           1           0  0.16s           2025-04-05T10:47:01
================================================================================
[2025-04-05T10:47:46.351+0000] {manager.py:846} INFO - 
================================================================================
DAG File Processing Stats

File Path                              PID    Runtime      # DAGs    # Errors  Last Runtime    Last Run
-------------------------------------  -----  ---------  --------  ----------  --------------  -------------------
/opt/airflow/dags/ml_dust_pred_dag.py                           1           0  0.16s           2025-04-05T10:47:32
================================================================================
[2025-04-05T10:48:16.648+0000] {manager.py:846} INFO - 
================================================================================
DAG File Processing Stats

File Path                              PID    Runtime      # DAGs    # Errors  Last Runtime    Last Run
-------------------------------------  -----  ---------  --------  ----------  --------------  -------------------
/opt/airflow/dags/ml_dust_pred_dag.py                           1           0  0.15s           2025-04-05T10:48:02
================================================================================
[2025-04-05T10:48:47.038+0000] {manager.py:846} INFO - 
================================================================================
DAG File Processing Stats

File Path                              PID    Runtime      # DAGs    # Errors  Last Runtime    Last Run
-------------------------------------  -----  ---------  --------  ----------  --------------  -------------------
/opt/airflow/dags/ml_dust_pred_dag.py                           1           0  0.15s           2025-04-05T10:48:32
================================================================================
[2025-04-05T10:49:17.312+0000] {manager.py:846} INFO - 
================================================================================
DAG File Processing Stats

File Path                              PID    Runtime      # DAGs    # Errors  Last Runtime    Last Run
-------------------------------------  -----  ---------  --------  ----------  --------------  -------------------
/opt/airflow/dags/ml_dust_pred_dag.py                           1           0  0.15s           2025-04-05T10:49:03
================================================================================
[2025-04-05T10:49:47.707+0000] {manager.py:846} INFO - 
================================================================================
DAG File Processing Stats

File Path                              PID    Runtime      # DAGs    # Errors  Last Runtime    Last Run
-------------------------------------  -----  ---------  --------  ----------  --------------  -------------------
/opt/airflow/dags/ml_dust_pred_dag.py                           1           0  0.15s           2025-04-05T10:49:33
================================================================================
[2025-04-05T10:50:18.022+0000] {manager.py:846} INFO - 
================================================================================
DAG File Processing Stats

File Path                              PID    Runtime      # DAGs    # Errors  Last Runtime    Last Run
-------------------------------------  -----  ---------  --------  ----------  --------------  -------------------
/opt/airflow/dags/ml_dust_pred_dag.py                           1           0  0.15s           2025-04-05T10:50:04
================================================================================
[2025-04-05T10:50:42.371+0000] {manager.py:724} INFO - Searching for files in /opt/airflow/dags
[2025-04-05T10:50:42.386+0000] {manager.py:727} INFO - There are 1 files in /opt/airflow/dags
[2025-04-05T10:50:48.449+0000] {manager.py:846} INFO - 
================================================================================
DAG File Processing Stats

File Path                              PID    Runtime      # DAGs    # Errors  Last Runtime    Last Run
-------------------------------------  -----  ---------  --------  ----------  --------------  -------------------
/opt/airflow/dags/ml_dust_pred_dag.py                           1           0  0.16s           2025-04-05T10:50:34
================================================================================
[2025-04-05T10:51:18.714+0000] {manager.py:846} INFO - 
================================================================================
DAG File Processing Stats

File Path                              PID    Runtime      # DAGs    # Errors  Last Runtime    Last Run
-------------------------------------  -----  ---------  --------  ----------  --------------  -------------------
/opt/airflow/dags/ml_dust_pred_dag.py                           1           0  0.17s           2025-04-05T10:50:54
================================================================================
[2025-04-05T10:51:49.134+0000] {manager.py:846} INFO - 
================================================================================
DAG File Processing Stats

File Path                              PID    Runtime      # DAGs    # Errors  Last Runtime    Last Run
-------------------------------------  -----  ---------  --------  ----------  --------------  -------------------
/opt/airflow/dags/ml_dust_pred_dag.py                           1           0  0.16s           2025-04-05T10:51:36
================================================================================
[2025-04-05T10:52:19.456+0000] {manager.py:846} INFO - 
================================================================================
DAG File Processing Stats

File Path                              PID    Runtime      # DAGs    # Errors  Last Runtime    Last Run
-------------------------------------  -----  ---------  --------  ----------  --------------  -------------------
/opt/airflow/dags/ml_dust_pred_dag.py                           1           0  0.15s           2025-04-05T10:52:06
================================================================================
[2025-04-05T10:52:49.761+0000] {manager.py:846} INFO - 
================================================================================
DAG File Processing Stats

File Path                              PID    Runtime      # DAGs    # Errors  Last Runtime    Last Run
-------------------------------------  -----  ---------  --------  ----------  --------------  -------------------
/opt/airflow/dags/ml_dust_pred_dag.py                           1           0  0.16s           2025-04-05T10:52:36
================================================================================
[2025-04-05T10:53:20.071+0000] {manager.py:846} INFO - 
================================================================================
DAG File Processing Stats

File Path                              PID    Runtime      # DAGs    # Errors  Last Runtime    Last Run
-------------------------------------  -----  ---------  --------  ----------  --------------  -------------------
/opt/airflow/dags/ml_dust_pred_dag.py                           1           0  0.17s           2025-04-05T10:53:07
================================================================================
[2025-04-05T10:53:50.361+0000] {manager.py:846} INFO - 
================================================================================
DAG File Processing Stats

File Path                              PID    Runtime      # DAGs    # Errors  Last Runtime    Last Run
-------------------------------------  -----  ---------  --------  ----------  --------------  -------------------
/opt/airflow/dags/ml_dust_pred_dag.py                           1           0  0.16s           2025-04-05T10:53:37
================================================================================
[2025-04-05T10:54:20.664+0000] {manager.py:846} INFO - 
================================================================================
DAG File Processing Stats

File Path                              PID    Runtime      # DAGs    # Errors  Last Runtime    Last Run
-------------------------------------  -----  ---------  --------  ----------  --------------  -------------------
/opt/airflow/dags/ml_dust_pred_dag.py                           1           0  0.12s           2025-04-05T10:54:07
================================================================================
[2025-04-05T10:54:50.939+0000] {manager.py:846} INFO - 
================================================================================
DAG File Processing Stats

File Path                              PID    Runtime      # DAGs    # Errors  Last Runtime    Last Run
-------------------------------------  -----  ---------  --------  ----------  --------------  -------------------
/opt/airflow/dags/ml_dust_pred_dag.py                           1           0  0.16s           2025-04-05T10:54:37
================================================================================
[2025-04-05T10:55:21.286+0000] {manager.py:846} INFO - 
================================================================================
DAG File Processing Stats

File Path                              PID    Runtime      # DAGs    # Errors  Last Runtime    Last Run
-------------------------------------  -----  ---------  --------  ----------  --------------  -------------------
/opt/airflow/dags/ml_dust_pred_dag.py                           1           0  0.16s           2025-04-05T10:55:08
================================================================================
[2025-04-05T10:55:42.502+0000] {manager.py:724} INFO - Searching for files in /opt/airflow/dags
[2025-04-05T10:55:42.513+0000] {manager.py:727} INFO - There are 1 files in /opt/airflow/dags
[2025-04-05T10:55:51.608+0000] {manager.py:846} INFO - 
================================================================================
DAG File Processing Stats

File Path                              PID    Runtime      # DAGs    # Errors  Last Runtime    Last Run
-------------------------------------  -----  ---------  --------  ----------  --------------  -------------------
/opt/airflow/dags/ml_dust_pred_dag.py                           1           0  0.16s           2025-04-05T10:55:38
================================================================================
[2025-04-05T10:56:21.958+0000] {manager.py:846} INFO - 
================================================================================
DAG File Processing Stats

File Path                              PID    Runtime      # DAGs    # Errors  Last Runtime    Last Run
-------------------------------------  -----  ---------  --------  ----------  --------------  -------------------
/opt/airflow/dags/ml_dust_pred_dag.py                           1           0  0.16s           2025-04-05T10:56:08
================================================================================
[2025-04-05T10:56:52.285+0000] {manager.py:846} INFO - 
================================================================================
DAG File Processing Stats

File Path                              PID    Runtime      # DAGs    # Errors  Last Runtime    Last Run
-------------------------------------  -----  ---------  --------  ----------  --------------  -------------------
/opt/airflow/dags/ml_dust_pred_dag.py                           1           0  0.16s           2025-04-05T10:56:39
================================================================================
[2025-04-05T10:57:22.583+0000] {manager.py:846} INFO - 
================================================================================
DAG File Processing Stats

File Path                              PID    Runtime      # DAGs    # Errors  Last Runtime    Last Run
-------------------------------------  -----  ---------  --------  ----------  --------------  -------------------
/opt/airflow/dags/ml_dust_pred_dag.py                           1           0  0.16s           2025-04-05T10:57:09
================================================================================
[2025-04-05T10:57:53.000+0000] {manager.py:846} INFO - 
================================================================================
DAG File Processing Stats

File Path                              PID    Runtime      # DAGs    # Errors  Last Runtime    Last Run
-------------------------------------  -----  ---------  --------  ----------  --------------  -------------------
/opt/airflow/dags/ml_dust_pred_dag.py                           1           0  0.16s           2025-04-05T10:57:39
================================================================================
[2025-04-05T10:58:23.310+0000] {manager.py:846} INFO - 
================================================================================
DAG File Processing Stats

File Path                              PID    Runtime      # DAGs    # Errors  Last Runtime    Last Run
-------------------------------------  -----  ---------  --------  ----------  --------------  -------------------
/opt/airflow/dags/ml_dust_pred_dag.py                           1           0  0.16s           2025-04-05T10:58:10
================================================================================
[2025-04-05T10:58:53.694+0000] {manager.py:846} INFO - 
================================================================================
DAG File Processing Stats

File Path                              PID    Runtime      # DAGs    # Errors  Last Runtime    Last Run
-------------------------------------  -----  ---------  --------  ----------  --------------  -------------------
/opt/airflow/dags/ml_dust_pred_dag.py                           1           0  0.14s           2025-04-05T10:58:40
================================================================================
[2025-04-05T10:59:23.993+0000] {manager.py:846} INFO - 
================================================================================
DAG File Processing Stats

File Path                              PID    Runtime      # DAGs    # Errors  Last Runtime    Last Run
-------------------------------------  -----  ---------  --------  ----------  --------------  -------------------
/opt/airflow/dags/ml_dust_pred_dag.py                           1           0  0.16s           2025-04-05T10:59:11
================================================================================
[2025-04-05T10:59:54.382+0000] {manager.py:846} INFO - 
================================================================================
DAG File Processing Stats

File Path                              PID    Runtime      # DAGs    # Errors  Last Runtime    Last Run
-------------------------------------  -----  ---------  --------  ----------  --------------  -------------------
/opt/airflow/dags/ml_dust_pred_dag.py                           1           0  0.15s           2025-04-05T10:59:41
================================================================================
[2025-04-05T11:00:24.697+0000] {manager.py:846} INFO - 
================================================================================
DAG File Processing Stats

File Path                              PID    Runtime      # DAGs    # Errors  Last Runtime    Last Run
-------------------------------------  -----  ---------  --------  ----------  --------------  -------------------
/opt/airflow/dags/ml_dust_pred_dag.py                           1           0  0.15s           2025-04-05T11:00:11
================================================================================
[2025-04-05T11:00:42.976+0000] {manager.py:724} INFO - Searching for files in /opt/airflow/dags
[2025-04-05T11:00:42.987+0000] {manager.py:727} INFO - There are 1 files in /opt/airflow/dags
[2025-04-05T11:00:55.114+0000] {manager.py:846} INFO - 
================================================================================
DAG File Processing Stats

File Path                              PID    Runtime      # DAGs    # Errors  Last Runtime    Last Run
-------------------------------------  -----  ---------  --------  ----------  --------------  -------------------
/opt/airflow/dags/ml_dust_pred_dag.py                           1           0  0.16s           2025-04-05T11:00:42
================================================================================
[2025-04-05T11:01:25.419+0000] {manager.py:846} INFO - 
================================================================================
DAG File Processing Stats

File Path                              PID    Runtime      # DAGs    # Errors  Last Runtime    Last Run
-------------------------------------  -----  ---------  --------  ----------  --------------  -------------------
/opt/airflow/dags/ml_dust_pred_dag.py                           0           1  0.06s           2025-04-05T11:01:23
================================================================================
[2025-04-05T11:01:55.704+0000] {manager.py:846} INFO - 
================================================================================
DAG File Processing Stats

File Path                              PID    Runtime      # DAGs    # Errors  Last Runtime    Last Run
-------------------------------------  -----  ---------  --------  ----------  --------------  -------------------
/opt/airflow/dags/ml_dust_pred_dag.py                           1           0  0.16s           2025-04-05T11:01:44
================================================================================
[2025-04-05T11:02:26.152+0000] {manager.py:846} INFO - 
================================================================================
DAG File Processing Stats

File Path                              PID    Runtime      # DAGs    # Errors  Last Runtime    Last Run
-------------------------------------  -----  ---------  --------  ----------  --------------  -------------------
/opt/airflow/dags/ml_dust_pred_dag.py                           1           0  0.15s           2025-04-05T11:02:15
================================================================================
[2025-04-05T11:02:56.484+0000] {manager.py:846} INFO - 
================================================================================
DAG File Processing Stats

File Path                              PID    Runtime      # DAGs    # Errors  Last Runtime    Last Run
-------------------------------------  -----  ---------  --------  ----------  --------------  -------------------
/opt/airflow/dags/ml_dust_pred_dag.py                           1           0  0.16s           2025-04-05T11:02:45
================================================================================
[2025-04-05T11:03:26.850+0000] {manager.py:846} INFO - 
================================================================================
DAG File Processing Stats

File Path                              PID    Runtime      # DAGs    # Errors  Last Runtime    Last Run
-------------------------------------  -----  ---------  --------  ----------  --------------  -------------------
/opt/airflow/dags/ml_dust_pred_dag.py                           1           0  0.17s           2025-04-05T11:03:15
================================================================================
[2025-04-05T11:03:57.161+0000] {manager.py:846} INFO - 
================================================================================
DAG File Processing Stats

File Path                              PID    Runtime      # DAGs    # Errors  Last Runtime    Last Run
-------------------------------------  -----  ---------  --------  ----------  --------------  -------------------
/opt/airflow/dags/ml_dust_pred_dag.py                           1           0  0.14s           2025-04-05T11:03:46
================================================================================
[2025-04-05T11:04:27.515+0000] {manager.py:846} INFO - 
================================================================================
DAG File Processing Stats

File Path                              PID    Runtime      # DAGs    # Errors  Last Runtime    Last Run
-------------------------------------  -----  ---------  --------  ----------  --------------  -------------------
/opt/airflow/dags/ml_dust_pred_dag.py                           1           0  0.14s           2025-04-05T11:04:16
================================================================================
[2025-04-05T11:04:57.923+0000] {manager.py:846} INFO - 
================================================================================
DAG File Processing Stats

File Path                              PID    Runtime      # DAGs    # Errors  Last Runtime    Last Run
-------------------------------------  -----  ---------  --------  ----------  --------------  -------------------
/opt/airflow/dags/ml_dust_pred_dag.py                           1           0  0.18s           2025-04-05T11:04:45
================================================================================
[2025-04-05T11:05:28.222+0000] {manager.py:846} INFO - 
================================================================================
DAG File Processing Stats

File Path                              PID    Runtime      # DAGs    # Errors  Last Runtime    Last Run
-------------------------------------  -----  ---------  --------  ----------  --------------  -------------------
/opt/airflow/dags/ml_dust_pred_dag.py                           1           0  0.13s           2025-04-05T11:05:16
================================================================================
[2025-04-05T11:05:43.370+0000] {manager.py:724} INFO - Searching for files in /opt/airflow/dags
[2025-04-05T11:05:43.382+0000] {manager.py:727} INFO - There are 1 files in /opt/airflow/dags
[2025-04-05T11:05:58.537+0000] {manager.py:846} INFO - 
================================================================================
DAG File Processing Stats

File Path                              PID    Runtime      # DAGs    # Errors  Last Runtime    Last Run
-------------------------------------  -----  ---------  --------  ----------  --------------  -------------------
/opt/airflow/dags/ml_dust_pred_dag.py                           1           0  0.13s           2025-04-05T11:05:46
================================================================================
[2025-04-05T11:06:28.885+0000] {manager.py:846} INFO - 
================================================================================
DAG File Processing Stats

File Path                              PID    Runtime      # DAGs    # Errors  Last Runtime    Last Run
-------------------------------------  -----  ---------  --------  ----------  --------------  -------------------
/opt/airflow/dags/ml_dust_pred_dag.py                           1           0  0.14s           2025-04-05T11:06:16
================================================================================
[2025-04-05T11:06:59.172+0000] {manager.py:846} INFO - 
================================================================================
DAG File Processing Stats

File Path                              PID    Runtime      # DAGs    # Errors  Last Runtime    Last Run
-------------------------------------  -----  ---------  --------  ----------  --------------  -------------------
/opt/airflow/dags/ml_dust_pred_dag.py                           1           0  0.14s           2025-04-05T11:06:47
================================================================================
[2025-04-05T11:07:29.571+0000] {manager.py:846} INFO - 
================================================================================
DAG File Processing Stats

File Path                              PID    Runtime      # DAGs    # Errors  Last Runtime    Last Run
-------------------------------------  -----  ---------  --------  ----------  --------------  -------------------
/opt/airflow/dags/ml_dust_pred_dag.py                           1           0  0.12s           2025-04-05T11:07:17
================================================================================
[2025-04-05T11:07:59.869+0000] {manager.py:846} INFO - 
================================================================================
DAG File Processing Stats

File Path                              PID    Runtime      # DAGs    # Errors  Last Runtime    Last Run
-------------------------------------  -----  ---------  --------  ----------  --------------  -------------------
/opt/airflow/dags/ml_dust_pred_dag.py                           1           0  0.17s           2025-04-05T11:07:47
================================================================================
[2025-04-05T11:08:30.270+0000] {manager.py:846} INFO - 
================================================================================
DAG File Processing Stats

File Path                              PID    Runtime      # DAGs    # Errors  Last Runtime    Last Run
-------------------------------------  -----  ---------  --------  ----------  --------------  -------------------
/opt/airflow/dags/ml_dust_pred_dag.py                           1           0  0.16s           2025-04-05T11:08:18
================================================================================
[2025-04-05T11:09:00.565+0000] {manager.py:846} INFO - 
================================================================================
DAG File Processing Stats

File Path                              PID    Runtime      # DAGs    # Errors  Last Runtime    Last Run
-------------------------------------  -----  ---------  --------  ----------  --------------  -------------------
/opt/airflow/dags/ml_dust_pred_dag.py                           1           0  0.16s           2025-04-05T11:08:48
================================================================================
[2025-04-05T11:09:30.994+0000] {manager.py:846} INFO - 
================================================================================
DAG File Processing Stats

File Path                              PID    Runtime      # DAGs    # Errors  Last Runtime    Last Run
-------------------------------------  -----  ---------  --------  ----------  --------------  -------------------
/opt/airflow/dags/ml_dust_pred_dag.py                           1           0  0.16s           2025-04-05T11:09:18
================================================================================
[2025-04-05T11:10:01.297+0000] {manager.py:846} INFO - 
================================================================================
DAG File Processing Stats

File Path                              PID    Runtime      # DAGs    # Errors  Last Runtime    Last Run
-------------------------------------  -----  ---------  --------  ----------  --------------  -------------------
/opt/airflow/dags/ml_dust_pred_dag.py                           1           0  0.17s           2025-04-05T11:09:49
================================================================================
[2025-04-05T11:10:31.678+0000] {manager.py:846} INFO - 
================================================================================
DAG File Processing Stats

File Path                              PID    Runtime      # DAGs    # Errors  Last Runtime    Last Run
-------------------------------------  -----  ---------  --------  ----------  --------------  -------------------
/opt/airflow/dags/ml_dust_pred_dag.py                           1           0  0.16s           2025-04-05T11:10:19
================================================================================
[2025-04-05T11:10:43.822+0000] {manager.py:724} INFO - Searching for files in /opt/airflow/dags
[2025-04-05T11:10:43.831+0000] {manager.py:727} INFO - There are 1 files in /opt/airflow/dags
[2025-04-05T11:11:02.053+0000] {manager.py:846} INFO - 
================================================================================
DAG File Processing Stats

File Path                              PID    Runtime      # DAGs    # Errors  Last Runtime    Last Run
-------------------------------------  -----  ---------  --------  ----------  --------------  -------------------
/opt/airflow/dags/ml_dust_pred_dag.py                           1           0  0.15s           2025-04-05T11:10:50
================================================================================
[2025-04-05T11:11:32.383+0000] {manager.py:846} INFO - 
================================================================================
DAG File Processing Stats

File Path                              PID    Runtime      # DAGs    # Errors  Last Runtime    Last Run
-------------------------------------  -----  ---------  --------  ----------  --------------  -------------------
/opt/airflow/dags/ml_dust_pred_dag.py                           1           0  0.16s           2025-04-05T11:11:20
================================================================================
[2025-04-05T11:12:02.643+0000] {manager.py:846} INFO - 
================================================================================
DAG File Processing Stats

File Path                              PID    Runtime      # DAGs    # Errors  Last Runtime    Last Run
-------------------------------------  -----  ---------  --------  ----------  --------------  -------------------
/opt/airflow/dags/ml_dust_pred_dag.py                           1           0  0.13s           2025-04-05T11:11:50
================================================================================
[2025-04-05T11:12:33.094+0000] {manager.py:846} INFO - 
================================================================================
DAG File Processing Stats

File Path                              PID    Runtime      # DAGs    # Errors  Last Runtime    Last Run
-------------------------------------  -----  ---------  --------  ----------  --------------  -------------------
/opt/airflow/dags/ml_dust_pred_dag.py                           1           0  0.16s           2025-04-05T11:12:29
================================================================================
[2025-04-05T11:13:03.401+0000] {manager.py:846} INFO - 
================================================================================
DAG File Processing Stats

File Path                              PID    Runtime      # DAGs    # Errors  Last Runtime    Last Run
-------------------------------------  -----  ---------  --------  ----------  --------------  -------------------
/opt/airflow/dags/ml_dust_pred_dag.py                           1           0  0.16s           2025-04-05T11:12:59
================================================================================
[2025-04-05T11:13:33.789+0000] {manager.py:846} INFO - 
================================================================================
DAG File Processing Stats

File Path                              PID    Runtime      # DAGs    # Errors  Last Runtime    Last Run
-------------------------------------  -----  ---------  --------  ----------  --------------  -------------------
/opt/airflow/dags/ml_dust_pred_dag.py                           1           0  0.16s           2025-04-05T11:13:29
================================================================================
[2025-04-05T11:14:04.060+0000] {manager.py:846} INFO - 
================================================================================
DAG File Processing Stats

File Path                              PID    Runtime      # DAGs    # Errors  Last Runtime    Last Run
-------------------------------------  -----  ---------  --------  ----------  --------------  -------------------
/opt/airflow/dags/ml_dust_pred_dag.py                           1           0  0.17s           2025-04-05T11:14:00
================================================================================
[2025-04-05T11:14:34.440+0000] {manager.py:846} INFO - 
================================================================================
DAG File Processing Stats

File Path                              PID    Runtime      # DAGs    # Errors  Last Runtime    Last Run
-------------------------------------  -----  ---------  --------  ----------  --------------  -------------------
/opt/airflow/dags/ml_dust_pred_dag.py                           1           0  0.16s           2025-04-05T11:14:30
================================================================================
[2025-04-05T11:15:04.766+0000] {manager.py:846} INFO - 
================================================================================
DAG File Processing Stats

File Path                              PID    Runtime      # DAGs    # Errors  Last Runtime    Last Run
-------------------------------------  -----  ---------  --------  ----------  --------------  -------------------
/opt/airflow/dags/ml_dust_pred_dag.py                           1           0  0.16s           2025-04-05T11:15:00
================================================================================
[2025-04-05T11:15:35.129+0000] {manager.py:846} INFO - 
================================================================================
DAG File Processing Stats

File Path                              PID    Runtime      # DAGs    # Errors  Last Runtime    Last Run
-------------------------------------  -----  ---------  --------  ----------  --------------  -------------------
/opt/airflow/dags/ml_dust_pred_dag.py                           1           0  0.14s           2025-04-05T11:15:31
================================================================================
[2025-04-05T11:15:44.234+0000] {manager.py:724} INFO - Searching for files in /opt/airflow/dags
[2025-04-05T11:15:44.242+0000] {manager.py:727} INFO - There are 1 files in /opt/airflow/dags
[2025-04-05T11:16:05.419+0000] {manager.py:846} INFO - 
================================================================================
DAG File Processing Stats

File Path                              PID    Runtime      # DAGs    # Errors  Last Runtime    Last Run
-------------------------------------  -----  ---------  --------  ----------  --------------  -------------------
/opt/airflow/dags/ml_dust_pred_dag.py                           1           0  0.16s           2025-04-05T11:15:40
================================================================================
[2025-04-05T11:16:35.813+0000] {manager.py:846} INFO - 
================================================================================
DAG File Processing Stats

File Path                              PID    Runtime      # DAGs    # Errors  Last Runtime    Last Run
-------------------------------------  -----  ---------  --------  ----------  --------------  -------------------
/opt/airflow/dags/ml_dust_pred_dag.py                           1           0  0.16s           2025-04-05T11:16:10
================================================================================
[2025-04-05T11:17:06.208+0000] {manager.py:846} INFO - 
================================================================================
DAG File Processing Stats

File Path                              PID    Runtime      # DAGs    # Errors  Last Runtime    Last Run
-------------------------------------  -----  ---------  --------  ----------  --------------  -------------------
/opt/airflow/dags/ml_dust_pred_dag.py                           1           0  0.17s           2025-04-05T11:16:58
================================================================================
[2025-04-05T11:17:36.489+0000] {manager.py:846} INFO - 
================================================================================
DAG File Processing Stats

File Path                              PID    Runtime      # DAGs    # Errors  Last Runtime    Last Run
-------------------------------------  -----  ---------  --------  ----------  --------------  -------------------
/opt/airflow/dags/ml_dust_pred_dag.py                           1           0  0.16s           2025-04-05T11:17:28
================================================================================
[2025-04-05T11:18:06.769+0000] {manager.py:846} INFO - 
================================================================================
DAG File Processing Stats

File Path                              PID    Runtime      # DAGs    # Errors  Last Runtime    Last Run
-------------------------------------  -----  ---------  --------  ----------  --------------  -------------------
/opt/airflow/dags/ml_dust_pred_dag.py                           1           0  0.13s           2025-04-05T11:17:58
================================================================================
[2025-04-05T11:18:37.145+0000] {manager.py:846} INFO - 
================================================================================
DAG File Processing Stats

File Path                              PID    Runtime      # DAGs    # Errors  Last Runtime    Last Run
-------------------------------------  -----  ---------  --------  ----------  --------------  -------------------
/opt/airflow/dags/ml_dust_pred_dag.py                           1           0  0.17s           2025-04-05T11:18:11
================================================================================
[2025-04-05T11:19:07.411+0000] {manager.py:846} INFO - 
================================================================================
DAG File Processing Stats

File Path                              PID    Runtime      # DAGs    # Errors  Last Runtime    Last Run
-------------------------------------  -----  ---------  --------  ----------  --------------  -------------------
/opt/airflow/dags/ml_dust_pred_dag.py                           1           0  0.16s           2025-04-05T11:18:42
================================================================================
[2025-04-05T11:19:37.683+0000] {manager.py:846} INFO - 
================================================================================
DAG File Processing Stats

File Path                              PID    Runtime      # DAGs    # Errors  Last Runtime    Last Run
-------------------------------------  -----  ---------  --------  ----------  --------------  -------------------
/opt/airflow/dags/ml_dust_pred_dag.py                           1           0  0.13s           2025-04-05T11:19:12
================================================================================
[2025-04-05T11:20:08.049+0000] {manager.py:846} INFO - 
================================================================================
DAG File Processing Stats

File Path                              PID    Runtime      # DAGs    # Errors  Last Runtime    Last Run
-------------------------------------  -----  ---------  --------  ----------  --------------  -------------------
/opt/airflow/dags/ml_dust_pred_dag.py                           1           0  0.16s           2025-04-05T11:19:42
================================================================================
[2025-04-05T11:20:38.320+0000] {manager.py:846} INFO - 
================================================================================
DAG File Processing Stats

File Path                              PID    Runtime      # DAGs    # Errors  Last Runtime    Last Run
-------------------------------------  -----  ---------  --------  ----------  --------------  -------------------
/opt/airflow/dags/ml_dust_pred_dag.py                           1           0  0.16s           2025-04-05T11:20:13
================================================================================
[2025-04-05T11:20:44.475+0000] {manager.py:724} INFO - Searching for files in /opt/airflow/dags
[2025-04-05T11:20:44.480+0000] {manager.py:727} INFO - There are 1 files in /opt/airflow/dags
[2025-04-05T11:21:08.707+0000] {manager.py:846} INFO - 
================================================================================
DAG File Processing Stats

File Path                              PID    Runtime      # DAGs    # Errors  Last Runtime    Last Run
-------------------------------------  -----  ---------  --------  ----------  --------------  -------------------
/opt/airflow/dags/ml_dust_pred_dag.py                           1           0  0.18s           2025-04-05T11:20:43
================================================================================
[2025-04-05T11:21:38.985+0000] {manager.py:846} INFO - 
================================================================================
DAG File Processing Stats

File Path                              PID    Runtime      # DAGs    # Errors  Last Runtime    Last Run
-------------------------------------  -----  ---------  --------  ----------  --------------  -------------------
/opt/airflow/dags/ml_dust_pred_dag.py                           1           0  0.17s           2025-04-05T11:21:13
================================================================================
[2025-04-05T11:22:09.363+0000] {manager.py:846} INFO - 
================================================================================
DAG File Processing Stats

File Path                              PID    Runtime      # DAGs    # Errors  Last Runtime    Last Run
-------------------------------------  -----  ---------  --------  ----------  --------------  -------------------
/opt/airflow/dags/ml_dust_pred_dag.py                           1           0  0.17s           2025-04-05T11:21:44
================================================================================
[2025-04-05T11:22:39.642+0000] {manager.py:846} INFO - 
================================================================================
DAG File Processing Stats

File Path                              PID    Runtime      # DAGs    # Errors  Last Runtime    Last Run
-------------------------------------  -----  ---------  --------  ----------  --------------  -------------------
/opt/airflow/dags/ml_dust_pred_dag.py                           1           0  0.16s           2025-04-05T11:22:14
================================================================================
[2025-04-05T11:23:10.043+0000] {manager.py:846} INFO - 
================================================================================
DAG File Processing Stats

File Path                              PID    Runtime      # DAGs    # Errors  Last Runtime    Last Run
-------------------------------------  -----  ---------  --------  ----------  --------------  -------------------
/opt/airflow/dags/ml_dust_pred_dag.py                           1           0  0.17s           2025-04-05T11:22:44
================================================================================
[2025-04-05T11:23:40.335+0000] {manager.py:846} INFO - 
================================================================================
DAG File Processing Stats

File Path                              PID    Runtime      # DAGs    # Errors  Last Runtime    Last Run
-------------------------------------  -----  ---------  --------  ----------  --------------  -------------------
/opt/airflow/dags/ml_dust_pred_dag.py                           1           0  0.14s           2025-04-05T11:23:15
================================================================================
[2025-04-05T11:24:10.673+0000] {manager.py:846} INFO - 
================================================================================
DAG File Processing Stats

File Path                              PID    Runtime      # DAGs    # Errors  Last Runtime    Last Run
-------------------------------------  -----  ---------  --------  ----------  --------------  -------------------
/opt/airflow/dags/ml_dust_pred_dag.py                           1           0  0.16s           2025-04-05T11:23:45
================================================================================
[2025-04-05T11:24:41.035+0000] {manager.py:846} INFO - 
================================================================================
DAG File Processing Stats

File Path                              PID    Runtime      # DAGs    # Errors  Last Runtime    Last Run
-------------------------------------  -----  ---------  --------  ----------  --------------  -------------------
/opt/airflow/dags/ml_dust_pred_dag.py                           1           0  0.15s           2025-04-05T11:24:15
================================================================================
[2025-04-05T11:25:11.348+0000] {manager.py:846} INFO - 
================================================================================
DAG File Processing Stats

File Path                              PID    Runtime      # DAGs    # Errors  Last Runtime    Last Run
-------------------------------------  -----  ---------  --------  ----------  --------------  -------------------
/opt/airflow/dags/ml_dust_pred_dag.py                           1           0  0.14s           2025-04-05T11:24:46
================================================================================
[2025-04-05T11:25:41.639+0000] {manager.py:846} INFO - 
================================================================================
DAG File Processing Stats

File Path                              PID    Runtime      # DAGs    # Errors  Last Runtime    Last Run
-------------------------------------  -----  ---------  --------  ----------  --------------  -------------------
/opt/airflow/dags/ml_dust_pred_dag.py                           1           0  0.14s           2025-04-05T11:25:16
================================================================================
[2025-04-05T11:25:44.664+0000] {manager.py:724} INFO - Searching for files in /opt/airflow/dags
[2025-04-05T11:25:44.673+0000] {manager.py:727} INFO - There are 1 files in /opt/airflow/dags
[2025-04-05T11:26:12.037+0000] {manager.py:846} INFO - 
================================================================================
DAG File Processing Stats

File Path                              PID    Runtime      # DAGs    # Errors  Last Runtime    Last Run
-------------------------------------  -----  ---------  --------  ----------  --------------  -------------------
/opt/airflow/dags/ml_dust_pred_dag.py                           1           0  0.15s           2025-04-05T11:25:46
================================================================================
[2025-04-05T11:26:42.346+0000] {manager.py:846} INFO - 
================================================================================
DAG File Processing Stats

File Path                              PID    Runtime      # DAGs    # Errors  Last Runtime    Last Run
-------------------------------------  -----  ---------  --------  ----------  --------------  -------------------
/opt/airflow/dags/ml_dust_pred_dag.py                           1           0  0.18s           2025-04-05T11:26:17
================================================================================
[2025-04-05T11:27:12.725+0000] {manager.py:846} INFO - 
================================================================================
DAG File Processing Stats

File Path                              PID    Runtime      # DAGs    # Errors  Last Runtime    Last Run
-------------------------------------  -----  ---------  --------  ----------  --------------  -------------------
/opt/airflow/dags/ml_dust_pred_dag.py                           1           0  0.14s           2025-04-05T11:26:47
================================================================================
[2025-04-05T11:27:42.986+0000] {manager.py:846} INFO - 
================================================================================
DAG File Processing Stats

File Path                              PID    Runtime      # DAGs    # Errors  Last Runtime    Last Run
-------------------------------------  -----  ---------  --------  ----------  --------------  -------------------
/opt/airflow/dags/ml_dust_pred_dag.py                           1           0  0.14s           2025-04-05T11:27:17
================================================================================
[2025-04-05T11:28:13.365+0000] {manager.py:846} INFO - 
================================================================================
DAG File Processing Stats

File Path                              PID    Runtime      # DAGs    # Errors  Last Runtime    Last Run
-------------------------------------  -----  ---------  --------  ----------  --------------  -------------------
/opt/airflow/dags/ml_dust_pred_dag.py                           1           0  0.13s           2025-04-05T11:27:48
================================================================================
[2025-04-05T11:28:43.632+0000] {manager.py:846} INFO - 
================================================================================
DAG File Processing Stats

File Path                              PID    Runtime      # DAGs    # Errors  Last Runtime    Last Run
-------------------------------------  -----  ---------  --------  ----------  --------------  -------------------
/opt/airflow/dags/ml_dust_pred_dag.py                           1           0  0.16s           2025-04-05T11:28:18
================================================================================
[2025-04-05T11:29:14.018+0000] {manager.py:846} INFO - 
================================================================================
DAG File Processing Stats

File Path                              PID    Runtime      # DAGs    # Errors  Last Runtime    Last Run
-------------------------------------  -----  ---------  --------  ----------  --------------  -------------------
/opt/airflow/dags/ml_dust_pred_dag.py                           1           0  0.17s           2025-04-05T11:28:48
================================================================================
[2025-04-05T11:29:44.258+0000] {manager.py:846} INFO - 
================================================================================
DAG File Processing Stats

File Path                              PID    Runtime      # DAGs    # Errors  Last Runtime    Last Run
-------------------------------------  -----  ---------  --------  ----------  --------------  -------------------
/opt/airflow/dags/ml_dust_pred_dag.py                           1           0  0.16s           2025-04-05T11:29:29
================================================================================
[2025-04-05T11:30:14.631+0000] {manager.py:846} INFO - 
================================================================================
DAG File Processing Stats

File Path                              PID    Runtime      # DAGs    # Errors  Last Runtime    Last Run
-------------------------------------  -----  ---------  --------  ----------  --------------  -------------------
/opt/airflow/dags/ml_dust_pred_dag.py                           1           0  0.19s           2025-04-05T11:29:59
================================================================================
