[2025-04-05T14:33:10.308+0000] {taskinstance.py:1165} INFO - Dependencies all met for <TaskInstance: descargar_y_ver_dataset.svm_modeling manual__2025-04-05T14:33:01.334605+00:00 [queued]>
[2025-04-05T14:33:10.314+0000] {taskinstance.py:1165} INFO - Dependencies all met for <TaskInstance: descargar_y_ver_dataset.svm_modeling manual__2025-04-05T14:33:01.334605+00:00 [queued]>
[2025-04-05T14:33:10.314+0000] {taskinstance.py:1362} INFO - 
--------------------------------------------------------------------------------
[2025-04-05T14:33:10.314+0000] {taskinstance.py:1363} INFO - Starting attempt 1 of 1
[2025-04-05T14:33:10.315+0000] {taskinstance.py:1364} INFO - 
--------------------------------------------------------------------------------
[2025-04-05T14:33:10.320+0000] {taskinstance.py:1383} INFO - Executing <Task(PythonOperator): svm_modeling> on 2025-04-05 14:33:01.334605+00:00
[2025-04-05T14:33:10.323+0000] {standard_task_runner.py:54} INFO - Started process 178 to run task
[2025-04-05T14:33:10.325+0000] {standard_task_runner.py:82} INFO - Running: ['***', 'tasks', 'run', 'descargar_y_ver_dataset', 'svm_modeling', 'manual__2025-04-05T14:33:01.334605+00:00', '--job-id', '62', '--raw', '--subdir', 'DAGS_FOLDER/ml_dust_pred_dag.py', '--cfg-path', '/tmp/tmpzyn2pwkm']
[2025-04-05T14:33:10.326+0000] {standard_task_runner.py:83} INFO - Job 62: Subtask svm_modeling
[2025-04-05T14:33:10.326+0000] {dagbag.py:525} INFO - Filling up the DagBag from /opt/***/dags/ml_dust_pred_dag.py
[2025-04-05T14:33:10.480+0000] {task_command.py:384} INFO - Running <TaskInstance: descargar_y_ver_dataset.svm_modeling manual__2025-04-05T14:33:01.334605+00:00 [running]> on host c3c93725b042
[2025-04-05T14:33:10.511+0000] {taskinstance.py:1592} INFO - Exporting the following env vars:
AIRFLOW_CTX_DAG_OWNER=***
AIRFLOW_CTX_DAG_ID=descargar_y_ver_dataset
AIRFLOW_CTX_TASK_ID=svm_modeling
AIRFLOW_CTX_EXECUTION_DATE=2025-04-05T14:33:01.334605+00:00
AIRFLOW_CTX_TRY_NUMBER=1
AIRFLOW_CTX_DAG_RUN_ID=manual__2025-04-05T14:33:01.334605+00:00
[2025-04-05T14:33:10.833+0000] {logging_mixin.py:117} INFO - 
🔁 Cross-validation scores: [0.87173397 0.87173397 0.87410926 0.87410926 0.87380952]
[2025-04-05T14:33:10.833+0000] {logging_mixin.py:117} INFO - 📊 Cross-validation mean accuracy: 0.873099196923425
[2025-04-05T14:33:10.838+0000] {logging_mixin.py:117} INFO - 
🔍 Confusion Matrix:
[2025-04-05T14:33:10.838+0000] {logging_mixin.py:117} INFO - [[787   0]
 [115   0]]
[2025-04-05T14:33:10.838+0000] {python.py:177} INFO - Done. Returned value was: None
[2025-04-05T14:33:10.843+0000] {taskinstance.py:1406} INFO - Marking task as SUCCESS. dag_id=descargar_y_ver_dataset, task_id=svm_modeling, execution_date=20250405T143301, start_date=20250405T143310, end_date=20250405T143310
[2025-04-05T14:33:10.875+0000] {local_task_job.py:164} INFO - Task exited with return code 0
[2025-04-05T14:33:10.884+0000] {local_task_job.py:273} INFO - 0 downstream tasks scheduled from follow-on schedule check
