[2025-04-05T10:46:56.316+0000] {taskinstance.py:1165} INFO - Dependencies all met for <TaskInstance: descargar_y_ver_dataset.mostrar_head manual__2025-04-05T10:46:52.027065+00:00 [queued]>
[2025-04-05T10:46:56.320+0000] {taskinstance.py:1165} INFO - Dependencies all met for <TaskInstance: descargar_y_ver_dataset.mostrar_head manual__2025-04-05T10:46:52.027065+00:00 [queued]>
[2025-04-05T10:46:56.320+0000] {taskinstance.py:1362} INFO - 
--------------------------------------------------------------------------------
[2025-04-05T10:46:56.321+0000] {taskinstance.py:1363} INFO - Starting attempt 1 of 1
[2025-04-05T10:46:56.321+0000] {taskinstance.py:1364} INFO - 
--------------------------------------------------------------------------------
[2025-04-05T10:46:56.326+0000] {taskinstance.py:1383} INFO - Executing <Task(PythonOperator): mostrar_head> on 2025-04-05 10:46:52.027065+00:00
[2025-04-05T10:46:56.329+0000] {standard_task_runner.py:54} INFO - Started process 414 to run task
[2025-04-05T10:46:56.332+0000] {standard_task_runner.py:82} INFO - Running: ['***', 'tasks', 'run', 'descargar_y_ver_dataset', 'mostrar_head', 'manual__2025-04-05T10:46:52.027065+00:00', '--job-id', '10', '--raw', '--subdir', 'DAGS_FOLDER/ml_dust_pred_dag.py', '--cfg-path', '/tmp/tmprib1n1tr']
[2025-04-05T10:46:56.332+0000] {standard_task_runner.py:83} INFO - Job 10: Subtask mostrar_head
[2025-04-05T10:46:56.332+0000] {dagbag.py:525} INFO - Filling up the DagBag from /opt/***/dags/ml_dust_pred_dag.py
[2025-04-05T10:46:56.449+0000] {task_command.py:384} INFO - Running <TaskInstance: descargar_y_ver_dataset.mostrar_head manual__2025-04-05T10:46:52.027065+00:00 [running]> on host 6d3c9c1b3c45
[2025-04-05T10:46:56.479+0000] {taskinstance.py:1592} INFO - Exporting the following env vars:
AIRFLOW_CTX_DAG_OWNER=***
AIRFLOW_CTX_DAG_ID=descargar_y_ver_dataset
AIRFLOW_CTX_TASK_ID=mostrar_head
AIRFLOW_CTX_EXECUTION_DATE=2025-04-05T10:46:52.027065+00:00
AIRFLOW_CTX_TRY_NUMBER=1
AIRFLOW_CTX_DAG_RUN_ID=manual__2025-04-05T10:46:52.027065+00:00
[2025-04-05T10:46:56.490+0000] {logging_mixin.py:117} INFO - 
🧠 Primeras filas del dataset:
[2025-04-05T10:46:56.503+0000] {logging_mixin.py:117} INFO -          Date   TempOut  HiTemp  LowTemp  ...  HWDir_deg  Punto  Polvo_PM10  clase
0  2008-02-23  9.800000    18.3      2.7  ...        NaN    20V         5.0  False
1  2008-02-26  8.797872    15.7      3.6  ...       90.0    20V        33.0  False
2  2008-02-29  7.970455    19.1     -1.5  ...       90.0    20V        13.0  False
3  2008-03-03  5.885417    13.4     -1.9  ...      135.0    20V         6.0  False
4  2008-03-06  5.006250    13.4     -2.4  ...      202.5    20V        38.0  False

[5 rows x 40 columns]
[2025-04-05T10:46:56.506+0000] {logging_mixin.py:117} INFO - <class 'pandas.core.frame.DataFrame'>
RangeIndex: 3006 entries, 0 to 3005
Data columns (total 40 columns):
 #   Column      Non-Null Count  Dtype  
---  ------      --------------  -----  
 0   Date        3006 non-null   object 
 1   TempOut     2999 non-null   float64
 2   HiTemp      2999 non-null   float64
 3   LowTemp     2999 non-null   float64
 4   OutHum      2999 non-null   float64
 5   DewPt.      2999 non-null   float64
 6   WSpeed      3006 non-null   float64
 7   WDir        3006 non-null   object 
 8   WRun        3006 non-null   float64
 9   WHSpeed     3006 non-null   float64
 10  HWDir       3006 non-null   object 
 11  WChill      2999 non-null   float64
 12  HeatIx      2999 non-null   float64
 13  ThwIx       2999 non-null   float64
 14  ThswI       2946 non-null   float64
 15  Bar         3006 non-null   float64
 16  Rain        3006 non-null   float64
 17  SolRate     3006 non-null   float64
 18  SolRad.     2999 non-null   float64
 19  HiSlE       2999 non-null   float64
 20  Rad.        2999 non-null   float64
 21  uvIndex     1041 non-null   float64
 22  uDose       1041 non-null   float64
 23  hiUV        1037 non-null   float64
 24  hetD-D      3006 non-null   float64
 25  colD-D      3006 non-null   float64
 26  inTemp      3006 non-null   float64
 27  inHum       3006 non-null   float64
 28  inDew       3006 non-null   float64
 29  iHeat       3006 non-null   float64
 30  ET          3006 non-null   float64
 31  WSamp       3006 non-null   int64  
 32  WTx         3006 non-null   int64  
 33  iRecept     3006 non-null   float64
 34  arcInt      3006 non-null   int64  
 35  WDir_deg    2636 non-null   float64
 36  HWDir_deg   2624 non-null   float64
 37  Punto       3006 non-null   object 
 38  Polvo_PM10  3006 non-null   float64
 39  clase       3006 non-null   bool   
dtypes: bool(1), float64(32), int64(3), object(4)
memory usage: 919.0+ KB
[2025-04-05T10:46:56.506+0000] {logging_mixin.py:117} INFO - None
[2025-04-05T10:46:56.506+0000] {python.py:177} INFO - Done. Returned value was: None
[2025-04-05T10:46:56.511+0000] {taskinstance.py:1406} INFO - Marking task as SUCCESS. dag_id=descargar_y_ver_dataset, task_id=mostrar_head, execution_date=20250405T104652, start_date=20250405T104656, end_date=20250405T104656
[2025-04-05T10:46:56.545+0000] {local_task_job.py:164} INFO - Task exited with return code 0
[2025-04-05T10:46:56.554+0000] {local_task_job.py:273} INFO - 0 downstream tasks scheduled from follow-on schedule check
