[2025-04-05T10:41:31.369+0000] {taskinstance.py:1165} INFO - Dependencies all met for <TaskInstance: descarga_csv_datalake.descargar_archivo_csv manual__2025-04-05T10:41:30.498023+00:00 [queued]>
[2025-04-05T10:41:31.373+0000] {taskinstance.py:1165} INFO - Dependencies all met for <TaskInstance: descarga_csv_datalake.descargar_archivo_csv manual__2025-04-05T10:41:30.498023+00:00 [queued]>
[2025-04-05T10:41:31.373+0000] {taskinstance.py:1362} INFO - 
--------------------------------------------------------------------------------
[2025-04-05T10:41:31.374+0000] {taskinstance.py:1363} INFO - Starting attempt 1 of 1
[2025-04-05T10:41:31.374+0000] {taskinstance.py:1364} INFO - 
--------------------------------------------------------------------------------
[2025-04-05T10:41:31.378+0000] {taskinstance.py:1383} INFO - Executing <Task(BashOperator): descargar_archivo_csv> on 2025-04-05 10:41:30.498023+00:00
[2025-04-05T10:41:31.381+0000] {standard_task_runner.py:54} INFO - Started process 113 to run task
[2025-04-05T10:41:31.383+0000] {standard_task_runner.py:82} INFO - Running: ['***', 'tasks', 'run', 'descarga_csv_datalake', 'descargar_archivo_csv', 'manual__2025-04-05T10:41:30.498023+00:00', '--job-id', '6', '--raw', '--subdir', 'DAGS_FOLDER/ml_dust_pred_dag.py', '--cfg-path', '/tmp/tmprxtl9prn']
[2025-04-05T10:41:31.384+0000] {standard_task_runner.py:83} INFO - Job 6: Subtask descargar_archivo_csv
[2025-04-05T10:41:31.384+0000] {dagbag.py:525} INFO - Filling up the DagBag from /opt/***/dags/ml_dust_pred_dag.py
[2025-04-05T10:41:31.414+0000] {task_command.py:384} INFO - Running <TaskInstance: descarga_csv_datalake.descargar_archivo_csv manual__2025-04-05T10:41:30.498023+00:00 [running]> on host 6d3c9c1b3c45
[2025-04-05T10:41:31.443+0000] {taskinstance.py:1592} INFO - Exporting the following env vars:
AIRFLOW_CTX_DAG_OWNER=***
AIRFLOW_CTX_DAG_ID=descarga_csv_datalake
AIRFLOW_CTX_TASK_ID=descargar_archivo_csv
AIRFLOW_CTX_EXECUTION_DATE=2025-04-05T10:41:30.498023+00:00
AIRFLOW_CTX_TRY_NUMBER=1
AIRFLOW_CTX_DAG_RUN_ID=manual__2025-04-05T10:41:30.498023+00:00
[2025-04-05T10:41:31.444+0000] {subprocess.py:63} INFO - Tmp dir root location: 
 /tmp
[2025-04-05T10:41:31.444+0000] {subprocess.py:75} INFO - Running command: ['/bin/bash', '-c', "curl -L -o /opt/***/datalake/df_merged.csv 'https://docs.google.com/uc?export=download&id=1gT8k90Iisd-sZVXWtS6Exl1ZFwwTd_WM'"]
[2025-04-05T10:41:31.450+0000] {subprocess.py:86} INFO - Output:
[2025-04-05T10:41:31.454+0000] {subprocess.py:93} INFO -   % Total    % Received % Xferd  Average Speed   Time    Time     Time  Current
[2025-04-05T10:41:31.454+0000] {subprocess.py:93} INFO -                                  Dload  Upload   Total   Spent    Left  Speed
[2025-04-05T10:41:31.776+0000] {subprocess.py:93} INFO -   0     0    0     0    0     0      0      0 --:--:-- --:--:-- --:--:--     0  0     0    0     0    0     0      0      0 --:--:-- --:--:-- --:--:--     0
[2025-04-05T10:41:34.899+0000] {subprocess.py:93} INFO -   0     0    0     0    0     0      0      0 --:--:-- --:--:-- --:--:--     0  0     0    0     0    0     0      0      0 --:--:--  0:00:01 --:--:--     0  0     0    0     0    0     0      0      0 --:--:--  0:00:02 --:--:--     0100  936k  100  936k    0     0   271k      0  0:00:03  0:00:03 --:--:--  319k
[2025-04-05T10:41:34.903+0000] {subprocess.py:97} INFO - Command exited with return code 0
[2025-04-05T10:41:34.926+0000] {taskinstance.py:1406} INFO - Marking task as SUCCESS. dag_id=descarga_csv_datalake, task_id=descargar_archivo_csv, execution_date=20250405T104130, start_date=20250405T104131, end_date=20250405T104134
[2025-04-05T10:41:34.977+0000] {local_task_job.py:164} INFO - Task exited with return code 0
[2025-04-05T10:41:34.989+0000] {local_task_job.py:273} INFO - 0 downstream tasks scheduled from follow-on schedule check
